{"name": "Successful login with valid credentials", "status": "broken", "statusDetails": {"message": "selenium.common.exceptions.NoSuchElementException: Message: Element with locator ('id', 'username') not found on the page.; For documentation on this error, please visit: https://www.selenium.dev/documentation/webdriver/troubleshooting/errors#nosuchelementexception\n\n", "trace": "  File \"C:\\Users\\Med ali\\Desktop\\se-cucumber\\venv\\Lib\\site-packages\\behave\\model.py\", line 1991, in run\n    match.run(runner.context)\n    ~~~~~~~~~^^^^^^^^^^^^^^^^\n  File \"C:\\Users\\Med ali\\Desktop\\se-cucumber\\venv\\Lib\\site-packages\\behave\\matchers.py\", line 105, in run\n    self.func(context, *args, **kwargs)\n    ~~~~~~~~~^^^^^^^^^^^^^^^^^^^^^^^^^^\n  File \"features\\steps\\login_steps.py\", line 141, in step_impl_enter_username\n    context.login_page.enter_username(username)\n    ~~~~~~~~~~~~~~~~~~~~~~~~~~~~~~~~~^^^^^^^^^^\n  File \"C:\\Users\\Med ali\\Desktop\\se-cucumber\\venv\\Lib\\site-packages\\allure_commons\\_allure.py\", line 202, in impl\n    return func(*a, **kw)\n  File \"C:\\Users\\Med ali\\Desktop\\se-cucumber\\pages\\login_page.py\", line 31, in enter_username\n    self.enter_text(self.USERNAME_INPUT, username, \"Username Input\")\n    ~~~~~~~~~~~~~~~^^^^^^^^^^^^^^^^^^^^^^^^^^^^^^^^^^^^^^^^^^^^^^^^^\n  File \"C:\\Users\\Med ali\\Desktop\\se-cucumber\\pages\\base_page.py\", line 66, in enter_text\n    element = self.find_element(locator)\n  File \"C:\\Users\\Med ali\\Desktop\\se-cucumber\\pages\\base_page.py\", line 52, in find_element\n    raise NoSuchElementException(f\"Element with locator {locator} not found on the page.\")\n"}, "steps": [{"name": "Given I am on the OrangeHRM login page", "status": "passed", "steps": [{"name": "Navigate to Login Page", "status": "passed", "steps": [{"name": "Navigating to URL: https://opensource-demo.orangehrmlive.com", "status": "passed", "start": 1762188395789, "stop": 1762188397367}], "start": 1762188395789, "stop": 1762188397369}], "start": 1762188395787, "stop": 1762188398155}, {"name": "When I enter valid username \"admin\"", "status": "broken", "statusDetails": {"message": "selenium.common.exceptions.NoSuchElementException: Message: Element with locator ('id', 'username') not found on the page.; For documentation on this error, please visit: https://www.selenium.dev/documentation/webdriver/troubleshooting/errors#nosuchelementexception\n\n", "trace": "  File \"C:\\Users\\Med ali\\Desktop\\se-cucumber\\venv\\Lib\\site-packages\\behave\\model.py\", line 1991, in run\n    match.run(runner.context)\n    ~~~~~~~~~^^^^^^^^^^^^^^^^\n  File \"C:\\Users\\Med ali\\Desktop\\se-cucumber\\venv\\Lib\\site-packages\\behave\\matchers.py\", line 105, in run\n    self.func(context, *args, **kwargs)\n    ~~~~~~~~~^^^^^^^^^^^^^^^^^^^^^^^^^^\n  File \"features\\steps\\login_steps.py\", line 141, in step_impl_enter_username\n    context.login_page.enter_username(username)\n    ~~~~~~~~~~~~~~~~~~~~~~~~~~~~~~~~~^^^^^^^^^^\n  File \"C:\\Users\\Med ali\\Desktop\\se-cucumber\\venv\\Lib\\site-packages\\allure_commons\\_allure.py\", line 202, in impl\n    return func(*a, **kw)\n  File \"C:\\Users\\Med ali\\Desktop\\se-cucumber\\pages\\login_page.py\", line 31, in enter_username\n    self.enter_text(self.USERNAME_INPUT, username, \"Username Input\")\n    ~~~~~~~~~~~~~~~^^^^^^^^^^^^^^^^^^^^^^^^^^^^^^^^^^^^^^^^^^^^^^^^^\n  File \"C:\\Users\\Med ali\\Desktop\\se-cucumber\\pages\\base_page.py\", line 66, in enter_text\n    element = self.find_element(locator)\n  File \"C:\\Users\\Med ali\\Desktop\\se-cucumber\\pages\\base_page.py\", line 52, in find_element\n    raise NoSuchElementException(f\"Element with locator {locator} not found on the page.\")\n"}, "steps": [{"name": "Enter username", "status": "broken", "statusDetails": {"message": "selenium.common.exceptions.NoSuchElementException: Message: Element with locator ('id', 'username') not found on the page.; For documentation on this error, please visit: https://www.selenium.dev/documentation/webdriver/troubleshooting/errors#nosuchelementexception\n\n", "trace": "  File \"C:\\Users\\Med ali\\Desktop\\se-cucumber\\venv\\Lib\\site-packages\\allure_commons\\_allure.py\", line 202, in impl\n    return func(*a, **kw)\n  File \"C:\\Users\\Med ali\\Desktop\\se-cucumber\\pages\\login_page.py\", line 31, in enter_username\n    self.enter_text(self.USERNAME_INPUT, username, \"Username Input\")\n    ~~~~~~~~~~~~~~~^^^^^^^^^^^^^^^^^^^^^^^^^^^^^^^^^^^^^^^^^^^^^^^^^\n  File \"C:\\Users\\Med ali\\Desktop\\se-cucumber\\pages\\base_page.py\", line 66, in enter_text\n    element = self.find_element(locator)\n  File \"C:\\Users\\Med ali\\Desktop\\se-cucumber\\pages\\base_page.py\", line 52, in find_element\n    raise NoSuchElementException(f\"Element with locator {locator} not found on the page.\")\n"}, "steps": [{"name": "Entering : 'admin' into : Username Input with locator: ('id', 'username')", "status": "broken", "statusDetails": {"message": "selenium.common.exceptions.NoSuchElementException: Message: Element with locator ('id', 'username') not found on the page.; For documentation on this error, please visit: https://www.selenium.dev/documentation/webdriver/troubleshooting/errors#nosuchelementexception\n\n", "trace": "  File \"C:\\Users\\Med ali\\Desktop\\se-cucumber\\pages\\base_page.py\", line 66, in enter_text\n    element = self.find_element(locator)\n  File \"C:\\Users\\Med ali\\Desktop\\se-cucumber\\pages\\base_page.py\", line 52, in find_element\n    raise NoSuchElementException(f\"Element with locator {locator} not found on the page.\")\n"}, "attachments": [{"name": "Element_not_found", "source": "aba00218-aa63-4061-8f2e-1f0d119a4b71-attachment.png", "type": "image/png"}], "start": 1762188398156, "stop": 1762188418898}], "parameters": [{"name": "username", "value": "'admin'"}], "start": 1762188398156, "stop": 1762188418899}], "start": 1762188398155, "stop": 1762188418902}, {"name": "And I enter valid password \"admin123\"", "status": "skipped", "start": 1762188421052, "stop": 1762188421052}, {"name": "And I click on the login button", "status": "skipped", "start": 1762188421052, "stop": 1762188421052}, {"name": "Then I should be redirected to the dashboard page", "status": "skipped", "start": 1762188421052, "stop": 1762188421052}, {"name": "And I should see the dropdown in the header", "status": "skipped", "start": 1762188421052, "stop": 1762188421052}], "start": 1762188394588, "stop": 1762188421052, "uuid": "78d4a412-a32c-4d88-9bd5-29eacb40f063", "historyId": "7ba728be003ec808e4ba6f48d6251c8c", "fullName": "OrangeHRM Login functionality: Successful login with valid credentials", "labels": [{"name": "severity", "value": "normal"}, {"name": "tag", "value": "positive"}, {"name": "tag", "value": "smoke"}, {"name": "feature", "value": "OrangeHRM Login functionality"}, {"name": "framework", "value": "behave"}, {"name": "language", "value": "cpython3"}], "titlePath": ["features", "OrangeHRM Login functionality"]}